<?xml version="1.0" encoding="UTF-8"?>
<testng-results ignored="0" total="2" passed="2" failed="0" skipped="0">
  <reporter-output>
  </reporter-output>
  <suite started-at="2024-10-23T15:21:17 ICT" name="DemoQA" finished-at="2024-10-23T15:21:56 ICT" duration-ms="39127">
    <groups>
      <group name="Validation Test">
        <method signature="PraticeFormsTest.submitDataUnsuccessfully()[pri:0, instance:tests.PraticeFormsTest@131774fe]" name="submitDataUnsuccessfully" class="tests.PraticeFormsTest"/>
      </group> <!-- Validation Test -->
      <group name="happy case">
        <method signature="PraticeFormsTest.testClickSubmit()[pri:0, instance:tests.PraticeFormsTest@131774fe]" name="testClickSubmit" class="tests.PraticeFormsTest"/>
      </group> <!-- happy case -->
    </groups>
    <test started-at="2024-10-23T15:21:17 ICT" name="PraticeFormsTest" finished-at="2024-10-23T15:21:56 ICT" duration-ms="39127">
      <class name="tests.PraticeFormsTest">
        <test-method is-config="true" signature="setUp(java.lang.String)[pri:0, instance:tests.PraticeFormsTest@131774fe]" started-at="2024-10-23T15:21:17 ICT" name="setUp" finished-at="2024-10-23T15:21:32 ICT" duration-ms="15346" status="PASS">
          <params>
            <param index="0">
              <value>
                <![CDATA[chrome]]>
              </value>
            </param>
          </params>
          <reporter-output>
          </reporter-output>
        </test-method> <!-- setUp -->
        <test-method signature="submitDataUnsuccessfully()[pri:0, instance:tests.PraticeFormsTest@131774fe]" started-at="2024-10-23T15:21:32 ICT" name="submitDataUnsuccessfully" finished-at="2024-10-23T15:21:42 ICT" duration-ms="9867" status="PASS">
          <reporter-output>
          </reporter-output>
        </test-method> <!-- submitDataUnsuccessfully -->
        <test-method signature="testClickSubmit()[pri:0, instance:tests.PraticeFormsTest@131774fe]" started-at="2024-10-23T15:21:42 ICT" name="testClickSubmit" finished-at="2024-10-23T15:21:56 ICT" duration-ms="13876" status="PASS">
          <reporter-output>
          </reporter-output>
        </test-method> <!-- testClickSubmit -->
      </class> <!-- tests.PraticeFormsTest -->
    </test> <!-- PraticeFormsTest -->
  </suite> <!-- DemoQA -->
</testng-results>
