<?xml version="1.0" encoding="UTF-8"?>
<!-- Generated by org.testng.reporters.JUnitXMLReporter -->
<testsuite ignored="0" hostname="DESKTOP-L0I2KU8" failures="0" tests="3" name="Default test" time="23.735" errors="0" timestamp="2024-10-11T15:08:20 ICT">
  <testcase classname="tests.bookstore.LoginTest" name="testlogin" time="6.318"/>
  <testcase classname="tests.bookstore.LoginTest" name="testlogin" time="3.869"/>
  <testcase classname="tests.bookstore.LoginTest" name="testlogin" time="2.977"/>
</testsuite> <!-- Default test -->
